2022-09-10 18:10:38.933  INFO 9532 --- [main] run.halo.app.Application                 : Starting Application v1.5.4 using Java 11.0.16 on Achu-No-Ratarouille-Desu with PID 9532 (C:\Users\hsuti\Downloads\new site\halo-1.5.4.jar started by hsuti in C:\Users\hsuti\Downloads\new site)
2022-09-10 18:10:38.941  INFO 9532 --- [main] run.halo.app.Application                 : No active profile set, falling back to 1 default profile: "default"
2022-09-10 18:10:40.371  INFO 9532 --- [main] .s.d.r.c.RepositoryConfigurationDelegate : Multiple Spring Data modules found, entering strict repository configuration mode!
2022-09-10 18:10:40.372  INFO 9532 --- [main] .s.d.r.c.RepositoryConfigurationDelegate : Bootstrapping Spring Data JPA repositories in DEFAULT mode.
2022-09-10 18:10:40.754  INFO 9532 --- [main] .s.d.r.c.RepositoryConfigurationDelegate : Finished Spring Data repository scanning in 366 ms. Found 24 JPA repository interfaces.
2022-09-10 18:10:42.269  INFO 9532 --- [main] org.eclipse.jetty.util.log               : Logging initialized @5045ms to org.eclipse.jetty.util.log.Slf4jLog
2022-09-10 18:10:42.875  INFO 9532 --- [main] o.s.b.w.e.j.JettyServletWebServerFactory : Server initialized with port: 8090
2022-09-10 18:10:42.891  INFO 9532 --- [main] org.eclipse.jetty.server.Server          : jetty-9.4.45.v20220203; built: 2022-02-03T09:14:34.105Z; git: 4a0c91c0be53805e3fcffdcdcc9587d5301863db; jvm 11.0.16+11-LTS-199
2022-09-10 18:10:42.949  INFO 9532 --- [main] o.e.j.s.h.ContextHandler.application     : Initializing Spring embedded WebApplicationContext
2022-09-10 18:10:42.950  INFO 9532 --- [main] w.s.c.ServletWebServerApplicationContext : Root WebApplicationContext: initialization completed in 3942 ms
2022-09-10 18:10:43.802  INFO 9532 --- [main] run.halo.app.config.HaloConfiguration    : Halo cache store load impl : [class run.halo.app.cache.InMemoryCacheStore]
2022-09-10 18:10:44.811  INFO 9532 --- [main] o.hibernate.jpa.internal.util.LogHelper  : HHH000204: Processing PersistenceUnitInfo [name: default]
2022-09-10 18:10:44.889  INFO 9532 --- [main] org.hibernate.Version                    : HHH000412: Hibernate ORM core version 5.4.33
2022-09-10 18:10:44.951  INFO 9532 --- [main] o.hibernate.annotations.common.Version   : HCANN000001: Hibernate Commons Annotations {5.1.2.Final}
2022-09-10 18:10:45.081  INFO 9532 --- [main] com.zaxxer.hikari.HikariDataSource       : HikariPool-1 - Starting...
2022-09-10 18:10:45.313  INFO 9532 --- [main] com.zaxxer.hikari.HikariDataSource       : HikariPool-1 - Start completed.
2022-09-10 18:10:45.356  INFO 9532 --- [main] org.hibernate.dialect.Dialect            : HHH000400: Using dialect: org.hibernate.dialect.H2Dialect
2022-09-10 18:10:46.806  INFO 9532 --- [main] o.h.e.t.j.p.i.JtaPlatformInitiator       : HHH000490: Using JtaPlatform implementation: [org.hibernate.engine.transaction.jta.platform.internal.NoJtaPlatform]
2022-09-10 18:10:46.818  INFO 9532 --- [main] j.LocalContainerEntityManagerFactoryBean : Initialized JPA EntityManagerFactory for persistence unit 'default'
2022-09-10 18:10:47.771  INFO 9532 --- [main] org.eclipse.jetty.server.session         : DefaultSessionIdManager workerName=node0
2022-09-10 18:10:47.772  INFO 9532 --- [main] org.eclipse.jetty.server.session         : No SessionScavenger set, using defaults
2022-09-10 18:10:47.775  INFO 9532 --- [main] org.eclipse.jetty.server.session         : node0 Scavenging every 600000ms
2022-09-10 18:10:47.790  INFO 9532 --- [main] o.e.jetty.server.handler.ContextHandler  : Started o.s.b.w.e.j.JettyEmbeddedWebAppContext@16ea0f22{application,/,[file:///C:/Users/hsuti/AppData/Local/Temp/jetty-docbase.8090.14578026407537343203/, jar:file:/C:/Users/hsuti/Downloads/new%20site/halo-1.5.4.jar!/BOOT-INF/lib/springfox-swagger-ui-3.0.0.jar!/META-INF/resources],AVAILABLE}
2022-09-10 18:10:47.791  INFO 9532 --- [main] org.eclipse.jetty.server.Server          : Started @10570ms
2022-09-10 18:10:50.281  INFO 9532 --- [main] run.halo.app.handler.file.FileHandlers   : Registered 9 file handler(s)
2022-09-10 18:10:51.864  INFO 9532 --- [main] o.s.b.a.e.web.EndpointLinksResolver      : Exposing 4 endpoint(s) beneath base path '/api/admin/actuator'
2022-09-10 18:10:51.940  INFO 9532 --- [main] o.e.j.s.h.ContextHandler.application     : Initializing Spring DispatcherServlet 'dispatcherServlet'
2022-09-10 18:10:51.940  INFO 9532 --- [main] o.s.web.servlet.DispatcherServlet        : Initializing Servlet 'dispatcherServlet'
2022-09-10 18:10:51.942  INFO 9532 --- [main] o.s.web.servlet.DispatcherServlet        : Completed initialization in 1 ms
2022-09-10 18:10:51.953  INFO 9532 --- [main] o.e.jetty.server.AbstractConnector       : Stopped ServerConnector@4a8b5227{HTTP/1.1, (http/1.1)}{0.0.0.0:8090}
2022-09-10 18:10:51.954  INFO 9532 --- [main] org.eclipse.jetty.server.session         : node0 Stopped scavenging
2022-09-10 18:10:51.957  INFO 9532 --- [main] o.e.j.s.h.ContextHandler.application     : Destroying Spring FrameworkServlet 'dispatcherServlet'
2022-09-10 18:10:51.958  INFO 9532 --- [main] o.e.jetty.server.handler.ContextHandler  : Stopped o.s.b.w.e.j.JettyEmbeddedWebAppContext@16ea0f22{application,/,[file:///C:/Users/hsuti/AppData/Local/Temp/jetty-docbase.8090.14578026407537343203/, jar:file:/C:/Users/hsuti/Downloads/new%20site/halo-1.5.4.jar!/BOOT-INF/lib/springfox-swagger-ui-3.0.0.jar!/META-INF/resources],STOPPED}
2022-09-10 18:10:51.962  WARN 9532 --- [main] ConfigServletWebServerApplicationContext : Exception encountered during context initialization - cancelling refresh attempt: org.springframework.context.ApplicationContextException: Failed to start bean 'webServerStartStop'; nested exception is org.springframework.boot.web.server.PortInUseException: Port 8090 is already in use
2022-09-10 18:10:51.979  INFO 9532 --- [main] j.LocalContainerEntityManagerFactoryBean : Closing JPA EntityManagerFactory for persistence unit 'default'
2022-09-10 18:10:51.983  INFO 9532 --- [main] com.zaxxer.hikari.HikariDataSource       : HikariPool-1 - Shutdown initiated...
2022-09-10 18:10:52.195  INFO 9532 --- [main] com.zaxxer.hikari.HikariDataSource       : HikariPool-1 - Shutdown completed.
2022-09-10 18:10:52.228  INFO 9532 --- [main] ConditionEvaluationReportLoggingListener : 

Error starting ApplicationContext. To display the conditions report re-run your application with 'debug' enabled.
2022-09-10 18:10:52.251 ERROR 9532 --- [main] o.s.b.d.LoggingFailureAnalysisReporter   : 

***************************
APPLICATION FAILED TO START
***************************

Description:

Web server failed to start. Port 8090 was already in use.

Action:

Identify and stop the process that's listening on port 8090 or configure this application to listen on another port.

2022-09-10 18:11:25.342  INFO 15392 --- [main] run.halo.app.Application                 : Starting Application v1.5.4 using Java 11.0.16 on Achu-No-Ratarouille-Desu with PID 15392 (C:\Users\hsuti\Downloads\new site\halo-1.5.4.jar started by hsuti in C:\Users\hsuti\Downloads\new site)
2022-09-10 18:11:25.350  INFO 15392 --- [main] run.halo.app.Application                 : No active profile set, falling back to 1 default profile: "default"
2022-09-10 18:11:26.642  INFO 15392 --- [main] .s.d.r.c.RepositoryConfigurationDelegate : Multiple Spring Data modules found, entering strict repository configuration mode!
2022-09-10 18:11:26.643  INFO 15392 --- [main] .s.d.r.c.RepositoryConfigurationDelegate : Bootstrapping Spring Data JPA repositories in DEFAULT mode.
2022-09-10 18:11:26.998  INFO 15392 --- [main] .s.d.r.c.RepositoryConfigurationDelegate : Finished Spring Data repository scanning in 342 ms. Found 24 JPA repository interfaces.
2022-09-10 18:11:28.509  INFO 15392 --- [main] org.eclipse.jetty.util.log               : Logging initialized @4770ms to org.eclipse.jetty.util.log.Slf4jLog
2022-09-10 18:11:29.096  INFO 15392 --- [main] o.s.b.w.e.j.JettyServletWebServerFactory : Server initialized with port: 8090
2022-09-10 18:11:29.108  INFO 15392 --- [main] org.eclipse.jetty.server.Server          : jetty-9.4.45.v20220203; built: 2022-02-03T09:14:34.105Z; git: 4a0c91c0be53805e3fcffdcdcc9587d5301863db; jvm 11.0.16+11-LTS-199
2022-09-10 18:11:29.153  INFO 15392 --- [main] o.e.j.s.h.ContextHandler.application     : Initializing Spring embedded WebApplicationContext
2022-09-10 18:11:29.154  INFO 15392 --- [main] w.s.c.ServletWebServerApplicationContext : Root WebApplicationContext: initialization completed in 3742 ms
2022-09-10 18:11:29.935  INFO 15392 --- [main] run.halo.app.config.HaloConfiguration    : Halo cache store load impl : [class run.halo.app.cache.InMemoryCacheStore]
2022-09-10 18:11:30.913  INFO 15392 --- [main] o.hibernate.jpa.internal.util.LogHelper  : HHH000204: Processing PersistenceUnitInfo [name: default]
2022-09-10 18:11:30.996  INFO 15392 --- [main] org.hibernate.Version                    : HHH000412: Hibernate ORM core version 5.4.33
2022-09-10 18:11:31.058  INFO 15392 --- [main] o.hibernate.annotations.common.Version   : HCANN000001: Hibernate Commons Annotations {5.1.2.Final}
2022-09-10 18:11:31.205  INFO 15392 --- [main] com.zaxxer.hikari.HikariDataSource       : HikariPool-1 - Starting...
2022-09-10 18:11:31.463  INFO 15392 --- [main] com.zaxxer.hikari.HikariDataSource       : HikariPool-1 - Start completed.
2022-09-10 18:11:31.503  INFO 15392 --- [main] org.hibernate.dialect.Dialect            : HHH000400: Using dialect: org.hibernate.dialect.H2Dialect
2022-09-10 18:11:32.789  INFO 15392 --- [main] o.h.e.t.j.p.i.JtaPlatformInitiator       : HHH000490: Using JtaPlatform implementation: [org.hibernate.engine.transaction.jta.platform.internal.NoJtaPlatform]
2022-09-10 18:11:32.802  INFO 15392 --- [main] j.LocalContainerEntityManagerFactoryBean : Initialized JPA EntityManagerFactory for persistence unit 'default'
2022-09-10 18:11:33.708  INFO 15392 --- [main] org.eclipse.jetty.server.session         : DefaultSessionIdManager workerName=node0
2022-09-10 18:11:33.708  INFO 15392 --- [main] org.eclipse.jetty.server.session         : No SessionScavenger set, using defaults
2022-09-10 18:11:33.710  INFO 15392 --- [main] org.eclipse.jetty.server.session         : node0 Scavenging every 600000ms
2022-09-10 18:11:33.725  INFO 15392 --- [main] o.e.jetty.server.handler.ContextHandler  : Started o.s.b.w.e.j.JettyEmbeddedWebAppContext@60fc7f43{application,/,[file:///C:/Users/hsuti/AppData/Local/Temp/jetty-docbase.8090.10397592814125232950/, jar:file:/C:/Users/hsuti/Downloads/new%20site/halo-1.5.4.jar!/BOOT-INF/lib/springfox-swagger-ui-3.0.0.jar!/META-INF/resources],AVAILABLE}
2022-09-10 18:11:33.726  INFO 15392 --- [main] org.eclipse.jetty.server.Server          : Started @9989ms
2022-09-10 18:11:36.043  INFO 15392 --- [main] run.halo.app.handler.file.FileHandlers   : Registered 9 file handler(s)
2022-09-10 18:11:37.552  INFO 15392 --- [main] o.s.b.a.e.web.EndpointLinksResolver      : Exposing 4 endpoint(s) beneath base path '/api/admin/actuator'
2022-09-10 18:11:37.625  INFO 15392 --- [main] o.e.j.s.h.ContextHandler.application     : Initializing Spring DispatcherServlet 'dispatcherServlet'
2022-09-10 18:11:37.626  INFO 15392 --- [main] o.s.web.servlet.DispatcherServlet        : Initializing Servlet 'dispatcherServlet'
2022-09-10 18:11:37.628  INFO 15392 --- [main] o.s.web.servlet.DispatcherServlet        : Completed initialization in 1 ms
2022-09-10 18:11:37.638  INFO 15392 --- [main] o.e.jetty.server.AbstractConnector       : Stopped ServerConnector@4a67318f{HTTP/1.1, (http/1.1)}{0.0.0.0:8090}
2022-09-10 18:11:37.639  INFO 15392 --- [main] org.eclipse.jetty.server.session         : node0 Stopped scavenging
2022-09-10 18:11:37.641  INFO 15392 --- [main] o.e.j.s.h.ContextHandler.application     : Destroying Spring FrameworkServlet 'dispatcherServlet'
2022-09-10 18:11:37.642  INFO 15392 --- [main] o.e.jetty.server.handler.ContextHandler  : Stopped o.s.b.w.e.j.JettyEmbeddedWebAppContext@60fc7f43{application,/,[file:///C:/Users/hsuti/AppData/Local/Temp/jetty-docbase.8090.10397592814125232950/, jar:file:/C:/Users/hsuti/Downloads/new%20site/halo-1.5.4.jar!/BOOT-INF/lib/springfox-swagger-ui-3.0.0.jar!/META-INF/resources],STOPPED}
2022-09-10 18:11:37.645  WARN 15392 --- [main] ConfigServletWebServerApplicationContext : Exception encountered during context initialization - cancelling refresh attempt: org.springframework.context.ApplicationContextException: Failed to start bean 'webServerStartStop'; nested exception is org.springframework.boot.web.server.PortInUseException: Port 8090 is already in use
2022-09-10 18:11:37.664  INFO 15392 --- [main] j.LocalContainerEntityManagerFactoryBean : Closing JPA EntityManagerFactory for persistence unit 'default'
2022-09-10 18:11:37.667  INFO 15392 --- [main] com.zaxxer.hikari.HikariDataSource       : HikariPool-1 - Shutdown initiated...
2022-09-10 18:11:37.879  INFO 15392 --- [main] com.zaxxer.hikari.HikariDataSource       : HikariPool-1 - Shutdown completed.
2022-09-10 18:11:37.944  INFO 15392 --- [main] ConditionEvaluationReportLoggingListener : 

Error starting ApplicationContext. To display the conditions report re-run your application with 'debug' enabled.
2022-09-10 18:11:37.982 ERROR 15392 --- [main] o.s.b.d.LoggingFailureAnalysisReporter   : 

***************************
APPLICATION FAILED TO START
***************************

Description:

Web server failed to start. Port 8090 was already in use.

Action:

Identify and stop the process that's listening on port 8090 or configure this application to listen on another port.

2022-09-10 18:13:46.810  INFO 14892 --- [main] run.halo.app.Application                 : Starting Application v1.5.4 using Java 11.0.16 on Achu-No-Ratarouille-Desu with PID 14892 (C:\Users\hsuti\Downloads\new site\halo-1.5.4.jar started by hsuti in C:\Users\hsuti\Downloads\new site)
2022-09-10 18:13:46.816  INFO 14892 --- [main] run.halo.app.Application                 : No active profile set, falling back to 1 default profile: "default"
2022-09-10 18:13:47.994  INFO 14892 --- [main] .s.d.r.c.RepositoryConfigurationDelegate : Multiple Spring Data modules found, entering strict repository configuration mode!
2022-09-10 18:13:47.995  INFO 14892 --- [main] .s.d.r.c.RepositoryConfigurationDelegate : Bootstrapping Spring Data JPA repositories in DEFAULT mode.
2022-09-10 18:13:48.313  INFO 14892 --- [main] .s.d.r.c.RepositoryConfigurationDelegate : Finished Spring Data repository scanning in 306 ms. Found 24 JPA repository interfaces.
2022-09-10 18:13:49.769  INFO 14892 --- [main] org.eclipse.jetty.util.log               : Logging initialized @4386ms to org.eclipse.jetty.util.log.Slf4jLog
2022-09-10 18:13:50.199  INFO 14892 --- [main] o.s.b.w.e.j.JettyServletWebServerFactory : Server initialized with port: 8090
2022-09-10 18:13:50.210  INFO 14892 --- [main] org.eclipse.jetty.server.Server          : jetty-9.4.45.v20220203; built: 2022-02-03T09:14:34.105Z; git: 4a0c91c0be53805e3fcffdcdcc9587d5301863db; jvm 11.0.16+11-LTS-199
2022-09-10 18:13:50.258  INFO 14892 --- [main] o.e.j.s.h.ContextHandler.application     : Initializing Spring embedded WebApplicationContext
2022-09-10 18:13:50.259  INFO 14892 --- [main] w.s.c.ServletWebServerApplicationContext : Root WebApplicationContext: initialization completed in 3390 ms
2022-09-10 18:13:51.015  INFO 14892 --- [main] run.halo.app.config.HaloConfiguration    : Halo cache store load impl : [class run.halo.app.cache.InMemoryCacheStore]
2022-09-10 18:13:51.995  INFO 14892 --- [main] o.hibernate.jpa.internal.util.LogHelper  : HHH000204: Processing PersistenceUnitInfo [name: default]
2022-09-10 18:13:52.065  INFO 14892 --- [main] org.hibernate.Version                    : HHH000412: Hibernate ORM core version 5.4.33
2022-09-10 18:13:52.128  INFO 14892 --- [main] o.hibernate.annotations.common.Version   : HCANN000001: Hibernate Commons Annotations {5.1.2.Final}
2022-09-10 18:13:52.295  INFO 14892 --- [main] com.zaxxer.hikari.HikariDataSource       : HikariPool-1 - Starting...
2022-09-10 18:13:52.558  INFO 14892 --- [main] com.zaxxer.hikari.HikariDataSource       : HikariPool-1 - Start completed.
2022-09-10 18:13:52.592  INFO 14892 --- [main] org.hibernate.dialect.Dialect            : HHH000400: Using dialect: org.hibernate.dialect.H2Dialect
2022-09-10 18:13:53.785  INFO 14892 --- [main] o.h.e.t.j.p.i.JtaPlatformInitiator       : HHH000490: Using JtaPlatform implementation: [org.hibernate.engine.transaction.jta.platform.internal.NoJtaPlatform]
2022-09-10 18:13:53.797  INFO 14892 --- [main] j.LocalContainerEntityManagerFactoryBean : Initialized JPA EntityManagerFactory for persistence unit 'default'
2022-09-10 18:13:54.702  INFO 14892 --- [main] org.eclipse.jetty.server.session         : DefaultSessionIdManager workerName=node0
2022-09-10 18:13:54.703  INFO 14892 --- [main] org.eclipse.jetty.server.session         : No SessionScavenger set, using defaults
2022-09-10 18:13:54.705  INFO 14892 --- [main] org.eclipse.jetty.server.session         : node0 Scavenging every 660000ms
2022-09-10 18:13:54.723  INFO 14892 --- [main] o.e.jetty.server.handler.ContextHandler  : Started o.s.b.w.e.j.JettyEmbeddedWebAppContext@3212d853{application,/,[file:///C:/Users/hsuti/AppData/Local/Temp/jetty-docbase.8090.6621471991351192864/, jar:file:/C:/Users/hsuti/Downloads/new%20site/halo-1.5.4.jar!/BOOT-INF/lib/springfox-swagger-ui-3.0.0.jar!/META-INF/resources],AVAILABLE}
2022-09-10 18:13:54.724  INFO 14892 --- [main] org.eclipse.jetty.server.Server          : Started @9343ms
2022-09-10 18:13:56.911  INFO 14892 --- [main] run.halo.app.handler.file.FileHandlers   : Registered 9 file handler(s)
2022-09-10 18:13:58.375  INFO 14892 --- [main] o.s.b.a.e.web.EndpointLinksResolver      : Exposing 4 endpoint(s) beneath base path '/api/admin/actuator'
2022-09-10 18:13:58.443  INFO 14892 --- [main] o.e.j.s.h.ContextHandler.application     : Initializing Spring DispatcherServlet 'dispatcherServlet'
2022-09-10 18:13:58.443  INFO 14892 --- [main] o.s.web.servlet.DispatcherServlet        : Initializing Servlet 'dispatcherServlet'
2022-09-10 18:13:58.445  INFO 14892 --- [main] o.s.web.servlet.DispatcherServlet        : Completed initialization in 1 ms
2022-09-10 18:13:58.455  INFO 14892 --- [main] o.e.jetty.server.AbstractConnector       : Stopped ServerConnector@5a6d5a8f{HTTP/1.1, (http/1.1)}{0.0.0.0:8090}
2022-09-10 18:13:58.455  INFO 14892 --- [main] org.eclipse.jetty.server.session         : node0 Stopped scavenging
2022-09-10 18:13:58.458  INFO 14892 --- [main] o.e.j.s.h.ContextHandler.application     : Destroying Spring FrameworkServlet 'dispatcherServlet'
2022-09-10 18:13:58.459  INFO 14892 --- [main] o.e.jetty.server.handler.ContextHandler  : Stopped o.s.b.w.e.j.JettyEmbeddedWebAppContext@3212d853{application,/,[file:///C:/Users/hsuti/AppData/Local/Temp/jetty-docbase.8090.6621471991351192864/, jar:file:/C:/Users/hsuti/Downloads/new%20site/halo-1.5.4.jar!/BOOT-INF/lib/springfox-swagger-ui-3.0.0.jar!/META-INF/resources],STOPPED}
2022-09-10 18:13:58.463  WARN 14892 --- [main] ConfigServletWebServerApplicationContext : Exception encountered during context initialization - cancelling refresh attempt: org.springframework.context.ApplicationContextException: Failed to start bean 'webServerStartStop'; nested exception is org.springframework.boot.web.server.PortInUseException: Port 8090 is already in use
2022-09-10 18:13:58.477  INFO 14892 --- [main] j.LocalContainerEntityManagerFactoryBean : Closing JPA EntityManagerFactory for persistence unit 'default'
2022-09-10 18:13:58.480  INFO 14892 --- [main] com.zaxxer.hikari.HikariDataSource       : HikariPool-1 - Shutdown initiated...
2022-09-10 18:13:58.689  INFO 14892 --- [main] com.zaxxer.hikari.HikariDataSource       : HikariPool-1 - Shutdown completed.
2022-09-10 18:13:58.742  INFO 14892 --- [main] ConditionEvaluationReportLoggingListener : 

Error starting ApplicationContext. To display the conditions report re-run your application with 'debug' enabled.
2022-09-10 18:13:58.769 ERROR 14892 --- [main] o.s.b.d.LoggingFailureAnalysisReporter   : 

***************************
APPLICATION FAILED TO START
***************************

Description:

Web server failed to start. Port 8090 was already in use.

Action:

Identify and stop the process that's listening on port 8090 or configure this application to listen on another port.

2022-09-10 18:14:48.531  INFO 4920 --- [main] run.halo.app.Application                 : Starting Application v1.5.4 using Java 11.0.16 on Achu-No-Ratarouille-Desu with PID 4920 (C:\Users\hsuti\Downloads\new site\halo-1.5.4.jar started by hsuti in C:\Users\hsuti\Downloads\new site)
2022-09-10 18:14:48.537  INFO 4920 --- [main] run.halo.app.Application                 : No active profile set, falling back to 1 default profile: "default"
2022-09-10 18:14:49.825  INFO 4920 --- [main] .s.d.r.c.RepositoryConfigurationDelegate : Multiple Spring Data modules found, entering strict repository configuration mode!
2022-09-10 18:14:49.826  INFO 4920 --- [main] .s.d.r.c.RepositoryConfigurationDelegate : Bootstrapping Spring Data JPA repositories in DEFAULT mode.
2022-09-10 18:14:50.138  INFO 4920 --- [main] .s.d.r.c.RepositoryConfigurationDelegate : Finished Spring Data repository scanning in 303 ms. Found 24 JPA repository interfaces.
2022-09-10 18:14:51.523  INFO 4920 --- [main] org.eclipse.jetty.util.log               : Logging initialized @4490ms to org.eclipse.jetty.util.log.Slf4jLog
2022-09-10 18:14:51.980  INFO 4920 --- [main] o.s.b.w.e.j.JettyServletWebServerFactory : Server initialized with port: 8090
2022-09-10 18:14:51.988  INFO 4920 --- [main] org.eclipse.jetty.server.Server          : jetty-9.4.45.v20220203; built: 2022-02-03T09:14:34.105Z; git: 4a0c91c0be53805e3fcffdcdcc9587d5301863db; jvm 11.0.16+11-LTS-199
2022-09-10 18:14:52.039  INFO 4920 --- [main] o.e.j.s.h.ContextHandler.application     : Initializing Spring embedded WebApplicationContext
2022-09-10 18:14:52.040  INFO 4920 --- [main] w.s.c.ServletWebServerApplicationContext : Root WebApplicationContext: initialization completed in 3431 ms
2022-09-10 18:14:52.828  INFO 4920 --- [main] run.halo.app.config.HaloConfiguration    : Halo cache store load impl : [class run.halo.app.cache.InMemoryCacheStore]
2022-09-10 18:14:53.789  INFO 4920 --- [main] o.hibernate.jpa.internal.util.LogHelper  : HHH000204: Processing PersistenceUnitInfo [name: default]
2022-09-10 18:14:53.864  INFO 4920 --- [main] org.hibernate.Version                    : HHH000412: Hibernate ORM core version 5.4.33
2022-09-10 18:14:53.937  INFO 4920 --- [main] o.hibernate.annotations.common.Version   : HCANN000001: Hibernate Commons Annotations {5.1.2.Final}
2022-09-10 18:14:54.098  INFO 4920 --- [main] com.zaxxer.hikari.HikariDataSource       : HikariPool-1 - Starting...
2022-09-10 18:14:54.364  INFO 4920 --- [main] com.zaxxer.hikari.HikariDataSource       : HikariPool-1 - Start completed.
2022-09-10 18:14:54.403  INFO 4920 --- [main] org.hibernate.dialect.Dialect            : HHH000400: Using dialect: org.hibernate.dialect.H2Dialect
2022-09-10 18:14:55.642  INFO 4920 --- [main] o.h.e.t.j.p.i.JtaPlatformInitiator       : HHH000490: Using JtaPlatform implementation: [org.hibernate.engine.transaction.jta.platform.internal.NoJtaPlatform]
2022-09-10 18:14:55.653  INFO 4920 --- [main] j.LocalContainerEntityManagerFactoryBean : Initialized JPA EntityManagerFactory for persistence unit 'default'
2022-09-10 18:14:56.520  INFO 4920 --- [main] org.eclipse.jetty.server.session         : DefaultSessionIdManager workerName=node0
2022-09-10 18:14:56.521  INFO 4920 --- [main] org.eclipse.jetty.server.session         : No SessionScavenger set, using defaults
2022-09-10 18:14:56.523  INFO 4920 --- [main] org.eclipse.jetty.server.session         : node0 Scavenging every 660000ms
2022-09-10 18:14:56.539  INFO 4920 --- [main] o.e.jetty.server.handler.ContextHandler  : Started o.s.b.w.e.j.JettyEmbeddedWebAppContext@79f1e22e{application,/,[file:///C:/Users/hsuti/AppData/Local/Temp/jetty-docbase.8090.2709705117823484355/, jar:file:/C:/Users/hsuti/Downloads/new%20site/halo-1.5.4.jar!/BOOT-INF/lib/springfox-swagger-ui-3.0.0.jar!/META-INF/resources],AVAILABLE}
2022-09-10 18:14:56.540  INFO 4920 --- [main] org.eclipse.jetty.server.Server          : Started @9510ms
2022-09-10 18:14:58.834  INFO 4920 --- [main] run.halo.app.handler.file.FileHandlers   : Registered 9 file handler(s)
2022-09-10 18:15:00.295  INFO 4920 --- [main] o.s.b.a.e.web.EndpointLinksResolver      : Exposing 4 endpoint(s) beneath base path '/api/admin/actuator'
2022-09-10 18:15:00.357  INFO 4920 --- [main] o.e.j.s.h.ContextHandler.application     : Initializing Spring DispatcherServlet 'dispatcherServlet'
2022-09-10 18:15:00.358  INFO 4920 --- [main] o.s.web.servlet.DispatcherServlet        : Initializing Servlet 'dispatcherServlet'
2022-09-10 18:15:00.362  INFO 4920 --- [main] o.s.web.servlet.DispatcherServlet        : Completed initialization in 4 ms
2022-09-10 18:15:00.370  INFO 4920 --- [main] o.e.jetty.server.AbstractConnector       : Stopped ServerConnector@4a67318f{HTTP/1.1, (http/1.1)}{0.0.0.0:8090}
2022-09-10 18:15:00.371  INFO 4920 --- [main] org.eclipse.jetty.server.session         : node0 Stopped scavenging
2022-09-10 18:15:00.374  INFO 4920 --- [main] o.e.j.s.h.ContextHandler.application     : Destroying Spring FrameworkServlet 'dispatcherServlet'
2022-09-10 18:15:00.375  INFO 4920 --- [main] o.e.jetty.server.handler.ContextHandler  : Stopped o.s.b.w.e.j.JettyEmbeddedWebAppContext@79f1e22e{application,/,[file:///C:/Users/hsuti/AppData/Local/Temp/jetty-docbase.8090.2709705117823484355/, jar:file:/C:/Users/hsuti/Downloads/new%20site/halo-1.5.4.jar!/BOOT-INF/lib/springfox-swagger-ui-3.0.0.jar!/META-INF/resources],STOPPED}
2022-09-10 18:15:00.378  WARN 4920 --- [main] ConfigServletWebServerApplicationContext : Exception encountered during context initialization - cancelling refresh attempt: org.springframework.context.ApplicationContextException: Failed to start bean 'webServerStartStop'; nested exception is org.springframework.boot.web.server.PortInUseException: Port 8090 is already in use
2022-09-10 18:15:00.394  INFO 4920 --- [main] j.LocalContainerEntityManagerFactoryBean : Closing JPA EntityManagerFactory for persistence unit 'default'
2022-09-10 18:15:00.398  INFO 4920 --- [main] com.zaxxer.hikari.HikariDataSource       : HikariPool-1 - Shutdown initiated...
2022-09-10 18:15:00.606  INFO 4920 --- [main] com.zaxxer.hikari.HikariDataSource       : HikariPool-1 - Shutdown completed.
2022-09-10 18:15:00.644  INFO 4920 --- [main] ConditionEvaluationReportLoggingListener : 

Error starting ApplicationContext. To display the conditions report re-run your application with 'debug' enabled.
2022-09-10 18:15:00.667 ERROR 4920 --- [main] o.s.b.d.LoggingFailureAnalysisReporter   : 

***************************
APPLICATION FAILED TO START
***************************

Description:

Web server failed to start. Port 8090 was already in use.

Action:

Identify and stop the process that's listening on port 8090 or configure this application to listen on another port.

2022-09-10 18:16:42.210  INFO 8964 --- [main] run.halo.app.Application                 : Starting Application v1.5.4 using Java 11.0.16 on Achu-No-Ratarouille-Desu with PID 8964 (D:\new site\halo-1.5.4.jar started by hsuti in D:\new site)
2022-09-10 18:16:42.216  INFO 8964 --- [main] run.halo.app.Application                 : No active profile set, falling back to 1 default profile: "default"
2022-09-10 18:16:43.420  INFO 8964 --- [main] .s.d.r.c.RepositoryConfigurationDelegate : Multiple Spring Data modules found, entering strict repository configuration mode!
2022-09-10 18:16:43.422  INFO 8964 --- [main] .s.d.r.c.RepositoryConfigurationDelegate : Bootstrapping Spring Data JPA repositories in DEFAULT mode.
2022-09-10 18:16:43.773  INFO 8964 --- [main] .s.d.r.c.RepositoryConfigurationDelegate : Finished Spring Data repository scanning in 337 ms. Found 24 JPA repository interfaces.
2022-09-10 18:16:45.177  INFO 8964 --- [main] org.eclipse.jetty.util.log               : Logging initialized @4273ms to org.eclipse.jetty.util.log.Slf4jLog
2022-09-10 18:16:45.613  INFO 8964 --- [main] o.s.b.w.e.j.JettyServletWebServerFactory : Server initialized with port: 8090
2022-09-10 18:16:45.627  INFO 8964 --- [main] org.eclipse.jetty.server.Server          : jetty-9.4.45.v20220203; built: 2022-02-03T09:14:34.105Z; git: 4a0c91c0be53805e3fcffdcdcc9587d5301863db; jvm 11.0.16+11-LTS-199
2022-09-10 18:16:45.677  INFO 8964 --- [main] o.e.j.s.h.ContextHandler.application     : Initializing Spring embedded WebApplicationContext
2022-09-10 18:16:45.678  INFO 8964 --- [main] w.s.c.ServletWebServerApplicationContext : Root WebApplicationContext: initialization completed in 3405 ms
2022-09-10 18:16:46.446  INFO 8964 --- [main] run.halo.app.config.HaloConfiguration    : Halo cache store load impl : [class run.halo.app.cache.InMemoryCacheStore]
2022-09-10 18:16:47.398  INFO 8964 --- [main] o.hibernate.jpa.internal.util.LogHelper  : HHH000204: Processing PersistenceUnitInfo [name: default]
2022-09-10 18:16:47.456  INFO 8964 --- [main] org.hibernate.Version                    : HHH000412: Hibernate ORM core version 5.4.33
2022-09-10 18:16:47.504  INFO 8964 --- [main] o.hibernate.annotations.common.Version   : HCANN000001: Hibernate Commons Annotations {5.1.2.Final}
2022-09-10 18:16:47.625  INFO 8964 --- [main] com.zaxxer.hikari.HikariDataSource       : HikariPool-1 - Starting...
2022-09-10 18:16:47.875  INFO 8964 --- [main] com.zaxxer.hikari.HikariDataSource       : HikariPool-1 - Start completed.
2022-09-10 18:16:47.916  INFO 8964 --- [main] org.hibernate.dialect.Dialect            : HHH000400: Using dialect: org.hibernate.dialect.H2Dialect
2022-09-10 18:16:49.068  INFO 8964 --- [main] o.h.e.t.j.p.i.JtaPlatformInitiator       : HHH000490: Using JtaPlatform implementation: [org.hibernate.engine.transaction.jta.platform.internal.NoJtaPlatform]
2022-09-10 18:16:49.078  INFO 8964 --- [main] j.LocalContainerEntityManagerFactoryBean : Initialized JPA EntityManagerFactory for persistence unit 'default'
2022-09-10 18:16:49.954  INFO 8964 --- [main] org.eclipse.jetty.server.session         : DefaultSessionIdManager workerName=node0
2022-09-10 18:16:49.955  INFO 8964 --- [main] org.eclipse.jetty.server.session         : No SessionScavenger set, using defaults
2022-09-10 18:16:49.957  INFO 8964 --- [main] org.eclipse.jetty.server.session         : node0 Scavenging every 660000ms
2022-09-10 18:16:49.973  INFO 8964 --- [main] o.e.jetty.server.handler.ContextHandler  : Started o.s.b.w.e.j.JettyEmbeddedWebAppContext@e154848{application,/,[file:///C:/Users/hsuti/AppData/Local/Temp/jetty-docbase.8090.6636782989837234678/, jar:file:/D:/new%20site/halo-1.5.4.jar!/BOOT-INF/lib/springfox-swagger-ui-3.0.0.jar!/META-INF/resources],AVAILABLE}
2022-09-10 18:16:49.974  INFO 8964 --- [main] org.eclipse.jetty.server.Server          : Started @9071ms
2022-09-10 18:16:52.156  INFO 8964 --- [main] run.halo.app.handler.file.FileHandlers   : Registered 9 file handler(s)
2022-09-10 18:16:53.566  INFO 8964 --- [main] o.s.b.a.e.web.EndpointLinksResolver      : Exposing 4 endpoint(s) beneath base path '/api/admin/actuator'
2022-09-10 18:16:53.634  INFO 8964 --- [main] o.e.j.s.h.ContextHandler.application     : Initializing Spring DispatcherServlet 'dispatcherServlet'
2022-09-10 18:16:53.635  INFO 8964 --- [main] o.s.web.servlet.DispatcherServlet        : Initializing Servlet 'dispatcherServlet'
2022-09-10 18:16:53.639  INFO 8964 --- [main] o.s.web.servlet.DispatcherServlet        : Completed initialization in 4 ms
2022-09-10 18:16:53.649  INFO 8964 --- [main] o.e.jetty.server.AbstractConnector       : Stopped ServerConnector@5a6d5a8f{HTTP/1.1, (http/1.1)}{0.0.0.0:8090}
2022-09-10 18:16:53.649  INFO 8964 --- [main] org.eclipse.jetty.server.session         : node0 Stopped scavenging
2022-09-10 18:16:53.651  INFO 8964 --- [main] o.e.j.s.h.ContextHandler.application     : Destroying Spring FrameworkServlet 'dispatcherServlet'
2022-09-10 18:16:53.654  INFO 8964 --- [main] o.e.jetty.server.handler.ContextHandler  : Stopped o.s.b.w.e.j.JettyEmbeddedWebAppContext@e154848{application,/,[file:///C:/Users/hsuti/AppData/Local/Temp/jetty-docbase.8090.6636782989837234678/, jar:file:/D:/new%20site/halo-1.5.4.jar!/BOOT-INF/lib/springfox-swagger-ui-3.0.0.jar!/META-INF/resources],STOPPED}
2022-09-10 18:16:53.659  WARN 8964 --- [main] ConfigServletWebServerApplicationContext : Exception encountered during context initialization - cancelling refresh attempt: org.springframework.context.ApplicationContextException: Failed to start bean 'webServerStartStop'; nested exception is org.springframework.boot.web.server.PortInUseException: Port 8090 is already in use
2022-09-10 18:16:53.674  INFO 8964 --- [main] j.LocalContainerEntityManagerFactoryBean : Closing JPA EntityManagerFactory for persistence unit 'default'
2022-09-10 18:16:53.677  INFO 8964 --- [main] com.zaxxer.hikari.HikariDataSource       : HikariPool-1 - Shutdown initiated...
2022-09-10 18:16:53.884  INFO 8964 --- [main] com.zaxxer.hikari.HikariDataSource       : HikariPool-1 - Shutdown completed.
2022-09-10 18:16:53.910  INFO 8964 --- [main] ConditionEvaluationReportLoggingListener : 

Error starting ApplicationContext. To display the conditions report re-run your application with 'debug' enabled.
2022-09-10 18:16:53.926 ERROR 8964 --- [main] o.s.b.d.LoggingFailureAnalysisReporter   : 

***************************
APPLICATION FAILED TO START
***************************

Description:

Web server failed to start. Port 8090 was already in use.

Action:

Identify and stop the process that's listening on port 8090 or configure this application to listen on another port.

2022-09-10 18:18:51.080  INFO 15268 --- [main] run.halo.app.Application                 : Starting Application v1.5.4 using Java 11.0.16 on Achu-No-Ratarouille-Desu with PID 15268 (D:\new site\halo-1.5.4.jar started by hsuti in D:\new site)
2022-09-10 18:18:51.096  INFO 15268 --- [main] run.halo.app.Application                 : No active profile set, falling back to 1 default profile: "default"
2022-09-10 18:18:52.317  INFO 15268 --- [main] .s.d.r.c.RepositoryConfigurationDelegate : Multiple Spring Data modules found, entering strict repository configuration mode!
2022-09-10 18:18:52.317  INFO 15268 --- [main] .s.d.r.c.RepositoryConfigurationDelegate : Bootstrapping Spring Data JPA repositories in DEFAULT mode.
2022-09-10 18:18:52.648  INFO 15268 --- [main] .s.d.r.c.RepositoryConfigurationDelegate : Finished Spring Data repository scanning in 308 ms. Found 24 JPA repository interfaces.
2022-09-10 18:18:53.799  INFO 15268 --- [main] org.eclipse.jetty.util.log               : Logging initialized @4224ms to org.eclipse.jetty.util.log.Slf4jLog
2022-09-10 18:18:54.247  INFO 15268 --- [main] o.s.b.w.e.j.JettyServletWebServerFactory : Server initialized with port: 8090
2022-09-10 18:18:54.249  INFO 15268 --- [main] org.eclipse.jetty.server.Server          : jetty-9.4.45.v20220203; built: 2022-02-03T09:14:34.105Z; git: 4a0c91c0be53805e3fcffdcdcc9587d5301863db; jvm 11.0.16+11-LTS-199
2022-09-10 18:18:54.296  INFO 15268 --- [main] o.e.j.s.h.ContextHandler.application     : Initializing Spring embedded WebApplicationContext
2022-09-10 18:18:54.296  INFO 15268 --- [main] w.s.c.ServletWebServerApplicationContext : Root WebApplicationContext: initialization completed in 3121 ms
2022-09-10 18:18:55.023  INFO 15268 --- [main] run.halo.app.config.HaloConfiguration    : Halo cache store load impl : [class run.halo.app.cache.InMemoryCacheStore]
2022-09-10 18:18:55.975  INFO 15268 --- [main] o.hibernate.jpa.internal.util.LogHelper  : HHH000204: Processing PersistenceUnitInfo [name: default]
2022-09-10 18:18:56.038  INFO 15268 --- [main] org.hibernate.Version                    : HHH000412: Hibernate ORM core version 5.4.33
2022-09-10 18:18:56.102  INFO 15268 --- [main] o.hibernate.annotations.common.Version   : HCANN000001: Hibernate Commons Annotations {5.1.2.Final}
2022-09-10 18:18:56.218  INFO 15268 --- [main] com.zaxxer.hikari.HikariDataSource       : HikariPool-1 - Starting...
2022-09-10 18:18:56.460  INFO 15268 --- [main] com.zaxxer.hikari.HikariDataSource       : HikariPool-1 - Start completed.
2022-09-10 18:18:56.491  INFO 15268 --- [main] org.hibernate.dialect.Dialect            : HHH000400: Using dialect: org.hibernate.dialect.H2Dialect
2022-09-10 18:18:57.623  INFO 15268 --- [main] o.h.e.t.j.p.i.JtaPlatformInitiator       : HHH000490: Using JtaPlatform implementation: [org.hibernate.engine.transaction.jta.platform.internal.NoJtaPlatform]
2022-09-10 18:18:57.623  INFO 15268 --- [main] j.LocalContainerEntityManagerFactoryBean : Initialized JPA EntityManagerFactory for persistence unit 'default'
2022-09-10 18:18:58.436  INFO 15268 --- [main] org.eclipse.jetty.server.session         : DefaultSessionIdManager workerName=node0
2022-09-10 18:18:58.436  INFO 15268 --- [main] org.eclipse.jetty.server.session         : No SessionScavenger set, using defaults
2022-09-10 18:18:58.436  INFO 15268 --- [main] org.eclipse.jetty.server.session         : node0 Scavenging every 660000ms
2022-09-10 18:18:58.451  INFO 15268 --- [main] o.e.jetty.server.handler.ContextHandler  : Started o.s.b.w.e.j.JettyEmbeddedWebAppContext@3212d853{application,/,[file:///C:/Users/hsuti/AppData/Local/Temp/jetty-docbase.8090.12461716478335053830/, jar:file:/D:/new%20site/halo-1.5.4.jar!/BOOT-INF/lib/springfox-swagger-ui-3.0.0.jar!/META-INF/resources],AVAILABLE}
2022-09-10 18:18:58.451  INFO 15268 --- [main] org.eclipse.jetty.server.Server          : Started @8884ms
2022-09-10 18:19:00.645  INFO 15268 --- [main] run.halo.app.handler.file.FileHandlers   : Registered 9 file handler(s)
2022-09-10 18:19:02.035  INFO 15268 --- [main] o.s.b.a.e.web.EndpointLinksResolver      : Exposing 4 endpoint(s) beneath base path '/api/admin/actuator'
2022-09-10 18:19:02.118  INFO 15268 --- [main] o.e.j.s.h.ContextHandler.application     : Initializing Spring DispatcherServlet 'dispatcherServlet'
2022-09-10 18:19:02.118  INFO 15268 --- [main] o.s.web.servlet.DispatcherServlet        : Initializing Servlet 'dispatcherServlet'
2022-09-10 18:19:02.118  INFO 15268 --- [main] o.s.web.servlet.DispatcherServlet        : Completed initialization in 0 ms
2022-09-10 18:19:02.150  INFO 15268 --- [main] o.e.jetty.server.AbstractConnector       : Started ServerConnector@5a6d5a8f{HTTP/1.1, (http/1.1)}{0.0.0.0:8090}
2022-09-10 18:19:02.150  INFO 15268 --- [main] o.s.b.web.embedded.jetty.JettyWebServer  : Jetty started on port(s) 8090 (http/1.1) with context path '/'
2022-09-10 18:19:02.182  INFO 15268 --- [main] run.halo.app.Application                 : Started Application in 11.906 seconds (JVM running for 12.604)
2022-09-10 18:19:02.185  INFO 15268 --- [main] run.halo.app.listener.StartedListener    : Starting migrate database...
2022-09-10 18:19:02.312  INFO 15268 --- [main] o.f.c.internal.license.VersionPrinter    : Flyway Community Edition 7.15.0 by Redgate
2022-09-10 18:19:02.312  INFO 15268 --- [main] o.f.c.i.database.base.BaseDatabaseType   : Database: jdbc:h2:file:C:\Users\hsuti/.halo//db/halo (H2 1.4)
2022-09-10 18:19:02.359  INFO 15268 --- [main] o.f.c.i.s.JdbcTableSchemaHistory         : Repair of failed migration in Schema History table "PUBLIC"."flyway_schema_history" not necessary as table doesn't exist.
2022-09-10 18:19:02.375  INFO 15268 --- [main] o.f.core.internal.command.DbRepair       : Successfully repaired schema history table "PUBLIC"."flyway_schema_history" (execution time 00:00.021s).
2022-09-10 18:19:02.375  INFO 15268 --- [main] o.f.c.internal.license.VersionPrinter    : Flyway Community Edition 7.15.0 by Redgate
2022-09-10 18:19:02.391  INFO 15268 --- [main] o.f.core.internal.command.DbValidate     : Successfully validated 6 migrations (execution time 00:00.007s)
2022-09-10 18:19:02.407  INFO 15268 --- [main] o.f.c.i.s.JdbcTableSchemaHistory         : Creating Schema History table "PUBLIC"."flyway_schema_history" with baseline ...
2022-09-10 18:19:02.422  INFO 15268 --- [main] o.f.core.internal.command.DbBaseline     : Successfully baselined schema with version: 1
2022-09-10 18:19:02.438  INFO 15268 --- [main] o.f.core.internal.command.DbMigrate      : Current version of schema "PUBLIC": 1
2022-09-10 18:19:02.438  INFO 15268 --- [main] o.f.core.internal.command.DbMigrate      : Migrating schema "PUBLIC" to version "2 - migrate 1.2.0-beta.1 to 1.2.0-beta.2"
2022-09-10 18:19:02.486  INFO 15268 --- [main] o.f.core.internal.command.DbMigrate      : Migrating schema "PUBLIC" to version "3 - migrate 1.3.0-beta.1 to 1.3.0-beta.2"
2022-09-10 18:19:02.549  INFO 15268 --- [main] o.f.core.internal.command.DbMigrate      : Migrating schema "PUBLIC" to version "4 - migrate 1.3.0-beta.2 to 1.3.0-beta.3"
2022-09-10 18:19:02.565  INFO 15268 --- [main] o.f.core.internal.command.DbMigrate      : Migrating schema "PUBLIC" to version "5 - migrate remove notnull for email in comments table"
2022-09-10 18:19:02.597  INFO 15268 --- [main] o.f.core.internal.command.DbMigrate      : Migrating schema "PUBLIC" to version "6 - migrate create contents table"
2022-09-10 18:19:02.612  INFO 15268 --- [main] o.f.core.internal.command.DbMigrate      : Successfully applied 5 migrations to schema "PUBLIC", now at version v6 (execution time 00:00.184s)
2022-09-10 18:19:02.612  INFO 15268 --- [main] run.halo.app.listener.StartedListener    : Migrate database succeed.
2022-09-10 18:19:02.612  INFO 15268 --- [main] run.halo.app.listener.StartedListener    : Created backup directory: [C:\Users\hsuti\AppData\Local\Temp\halo-backup]
2022-09-10 18:19:02.612  INFO 15268 --- [main] run.halo.app.listener.StartedListener    : Created data export directory: [C:\Users\hsuti\AppData\Local\Temp\halo-data-export]
2022-09-10 18:19:02.833  INFO 15268 --- [main] run.halo.app.listener.StartedListener    : Copied theme folder from [/BOOT-INF/classes/templates/themes] to [C:\Users\hsuti\.halo\templates\themes\caicai_anatole]
2022-09-10 18:19:02.865  INFO 15268 --- [main] run.halo.app.listener.StartedListener    : [94mHalo started at         http://127.0.0.1:8090[0;39m
2022-09-10 18:19:02.865  INFO 15268 --- [main] run.halo.app.listener.StartedListener    : [94mHalo admin started at   http://127.0.0.1:8090/admin[0;39m
2022-09-10 18:19:02.865  INFO 15268 --- [main] run.halo.app.listener.StartedListener    : [93mHalo has started successfully![0;39m
2022-09-10 18:29:22.401  INFO 15268 --- [qtp1484275564-24] r.h.a.t.MultipartZipFileThemeFetcher     : Unzipping halo-theme-sakura-1.3.4.zip to path C:\Users\hsuti\AppData\Local\Temp\halo17667593436500470365
2022-09-10 18:29:22.909  INFO 15268 --- [qtp1484275564-24] r.h.app.repository.ThemeRepositoryImpl   : Copying new theme(LIlGG_Sakura) from C:\Users\hsuti\AppData\Local\Temp\halo17667593436500470365\halo-theme-sakura-1.3.4 to C:\Users\hsuti\.halo\templates\themes\LIlGG_Sakura
2022-09-10 18:29:23.703  INFO 15268 --- [qtp1484275564-24] r.h.app.repository.ThemeRepositoryImpl   : Clean temporary theme folder C:\Users\hsuti\AppData\Local\Temp\halo17667593436500470365\halo-theme-sakura-1.3.4
2022-09-10 18:29:23.703  INFO 15268 --- [qtp1484275564-24] run.halo.app.utils.FileUtils             : Deleting [C:\Users\hsuti\AppData\Local\Temp\halo17667593436500470365\halo-theme-sakura-1.3.4]
2022-09-10 18:29:23.835  INFO 15268 --- [qtp1484275564-24] run.halo.app.utils.FileUtils             : Deleted [C:\Users\hsuti\AppData\Local\Temp\halo17667593436500470365\halo-theme-sakura-1.3.4] successfully
2022-09-10 18:29:55.038  WARN 15268 --- [Timer-0] run.halo.app.cache.AbstractCacheStore    : Cache key: [cache_lock_login_precheck] has been expired
2022-09-10 18:29:55.038  WARN 15268 --- [Timer-0] run.halo.app.cache.AbstractCacheStore    : Cache key: [cache_lock_login_auth] has been expired
2022-09-10 18:44:22.164  INFO 15268 --- [qtp1484275564-24] r.h.app.handler.file.FilePathDescriptor  : FilePathDescriptor: [FilePathDescriptor(name=19f7cea2f41cfc19fd6893657a0cf93c, extension=jpeg, relativePath=upload/2022\09\19f7cea2f41cfc19fd6893657a0cf93c.jpeg, basePath=C:\Users\hsuti/.halo/\, fullName=19f7cea2f41cfc19fd6893657a0cf93c.jpeg, fullPath=C:\Users\hsuti/.halo/\upload/2022\09\19f7cea2f41cfc19fd6893657a0cf93c.jpeg, subPath=upload/2022\09\)]
2022-09-10 18:44:22.164  INFO 15268 --- [qtp1484275564-71] r.h.app.handler.file.FilePathDescriptor  : FilePathDescriptor: [FilePathDescriptor(name=6Bea54S, extension=jpg, relativePath=upload/2022\09\6Bea54S.jpg, basePath=C:\Users\hsuti/.halo/\, fullName=6Bea54S.jpg, fullPath=C:\Users\hsuti/.halo/\upload/2022\09\6Bea54S.jpg, subPath=upload/2022\09\)]
2022-09-10 18:44:22.221  INFO 15268 --- [qtp1484275564-24] r.h.app.handler.file.LocalFileHandler    : Uploading file: [19f7cea2f41cfc19fd6893657a0cf93c.jpeg] to directory: [upload/2022\09\19f7cea2f41cfc19fd6893657a0cf93c.jpeg]
2022-09-10 18:44:22.221  INFO 15268 --- [qtp1484275564-71] r.h.app.handler.file.LocalFileHandler    : Uploading file: [6Bea54S.jpg] to directory: [upload/2022\09\6Bea54S.jpg]
2022-09-10 18:44:22.343  INFO 15268 --- [qtp1484275564-71] r.h.app.handler.file.FilePathDescriptor  : FilePathDescriptor: [FilePathDescriptor(name=6Bea54S-thumbnail, extension=jpg, relativePath=upload/2022\09\6Bea54S-thumbnail.jpg, basePath=C:\Users\hsuti/.halo/\, fullName=6Bea54S-thumbnail.jpg, fullPath=C:\Users\hsuti/.halo/\upload/2022\09\6Bea54S-thumbnail.jpg, subPath=upload/2022\09\)]
2022-09-10 18:44:22.343  INFO 15268 --- [qtp1484275564-24] r.h.app.handler.file.FilePathDescriptor  : FilePathDescriptor: [FilePathDescriptor(name=19f7cea2f41cfc19fd6893657a0cf93c-thumbnail, extension=jpeg, relativePath=upload/2022\09\19f7cea2f41cfc19fd6893657a0cf93c-thumbnail.jpeg, basePath=C:\Users\hsuti/.halo/\, fullName=19f7cea2f41cfc19fd6893657a0cf93c-thumbnail.jpeg, fullPath=C:\Users\hsuti/.halo/\upload/2022\09\19f7cea2f41cfc19fd6893657a0cf93c-thumbnail.jpeg, subPath=upload/2022\09\)]
2022-09-10 18:44:22.650  INFO 15268 --- [qtp1484275564-71] r.h.app.handler.file.LocalFileHandler    : Generated thumbnail image, and wrote the thumbnail to [C:\Users\hsuti\.halo\upload\2022\09\6Bea54S-thumbnail.jpg]
2022-09-10 18:44:22.650  INFO 15268 --- [qtp1484275564-71] r.h.app.handler.file.LocalFileHandler    : Uploaded file: [6Bea54S.jpg] to directory: [C:\Users\hsuti/.halo/\upload/2022\09\6Bea54S.jpg] successfully
2022-09-10 18:44:22.845  INFO 15268 --- [qtp1484275564-24] r.h.app.handler.file.LocalFileHandler    : Generated thumbnail image, and wrote the thumbnail to [C:\Users\hsuti\.halo\upload\2022\09\19f7cea2f41cfc19fd6893657a0cf93c-thumbnail.jpeg]
2022-09-10 18:44:22.845  INFO 15268 --- [qtp1484275564-24] r.h.app.handler.file.LocalFileHandler    : Uploaded file: [19f7cea2f41cfc19fd6893657a0cf93c.jpeg] to directory: [C:\Users\hsuti/.halo/\upload/2022\09\19f7cea2f41cfc19fd6893657a0cf93c.jpeg] successfully
2022-09-10 18:45:14.879  INFO 15268 --- [qtp1484275564-70] r.h.app.handler.file.FilePathDescriptor  : FilePathDescriptor: [FilePathDescriptor(name=achu, extension=ico, relativePath=upload/2022\09\achu.ico, basePath=C:\Users\hsuti/.halo/\, fullName=achu.ico, fullPath=C:\Users\hsuti/.halo/\upload/2022\09\achu.ico, subPath=upload/2022\09\)]
2022-09-10 18:45:14.879  INFO 15268 --- [qtp1484275564-70] r.h.app.handler.file.LocalFileHandler    : Uploading file: [achu.ico] to directory: [upload/2022\09\achu.ico]
2022-09-10 18:45:15.154  INFO 15268 --- [qtp1484275564-70] r.h.app.handler.file.FilePathDescriptor  : FilePathDescriptor: [FilePathDescriptor(name=achu-thumbnail, extension=ico, relativePath=upload/2022\09\achu-thumbnail.ico, basePath=C:\Users\hsuti/.halo/\, fullName=achu-thumbnail.ico, fullPath=C:\Users\hsuti/.halo/\upload/2022\09\achu-thumbnail.ico, subPath=upload/2022\09\)]
2022-09-10 18:45:15.387  WARN 15268 --- [qtp1484275564-70] r.h.app.handler.file.LocalFileHandler    : Failed to generate thumbnail: C:\Users\hsuti\.halo\upload\2022\09\achu-thumbnail.ico

net.coobird.thumbnailator.tasks.UnsupportedFormatException: No suitable ImageWriter found for ico.
	at net.coobird.thumbnailator.tasks.io.FileImageSink.isMatchingFormat(Unknown Source) ~[thumbnailator-0.4.14.jar!/:0.4.14]
	at net.coobird.thumbnailator.tasks.io.FileImageSink.write(Unknown Source) ~[thumbnailator-0.4.14.jar!/:0.4.14]
	at net.coobird.thumbnailator.tasks.SourceSinkThumbnailTask.write(Unknown Source) ~[thumbnailator-0.4.14.jar!/:0.4.14]
	at net.coobird.thumbnailator.Thumbnailator.createThumbnail(Unknown Source) ~[thumbnailator-0.4.14.jar!/:0.4.14]
	at net.coobird.thumbnailator.Thumbnails$Builder.toFile(Unknown Source) ~[thumbnailator-0.4.14.jar!/:0.4.14]
	at run.halo.app.handler.file.LocalFileHandler.generateThumbnail(LocalFileHandler.java:224) ~[classes!/:1.5.4]
	at run.halo.app.handler.file.LocalFileHandler.lambda$upload$1(LocalFileHandler.java:139) ~[classes!/:1.5.4]
	at run.halo.app.handler.file.FileHandler.handleImageMetadata(FileHandler.java:93) ~[classes!/:1.5.4]
	at run.halo.app.handler.file.LocalFileHandler.upload(LocalFileHandler.java:125) ~[classes!/:1.5.4]
	at run.halo.app.handler.file.FileHandlers.upload(FileHandlers.java:53) ~[classes!/:1.5.4]
	at run.halo.app.service.impl.AttachmentServiceImpl.upload(AttachmentServiceImpl.java:119) ~[classes!/:1.5.4]
	at run.halo.app.service.impl.AttachmentServiceImpl$$FastClassBySpringCGLIB$$2d9c80b9.invoke(<generated>) ~[classes!/:1.5.4]
	at org.springframework.cglib.proxy.MethodProxy.invoke(MethodProxy.java:218) ~[spring-core-5.3.18.jar!/:5.3.18]
	at org.springframework.aop.framework.CglibAopProxy$DynamicAdvisedInterceptor.intercept(CglibAopProxy.java:689) ~[spring-aop-5.3.18.jar!/:5.3.18]
	at run.halo.app.service.impl.AttachmentServiceImpl$$EnhancerBySpringCGLIB$$bbcbad46.upload(<generated>) ~[classes!/:1.5.4]
	at run.halo.app.controller.admin.api.AttachmentController.uploadAttachment(AttachmentController.java:84) ~[classes!/:1.5.4]
	at run.halo.app.controller.admin.api.AttachmentController$$FastClassBySpringCGLIB$$8f3ff968.invoke(<generated>) ~[classes!/:1.5.4]
	at org.springframework.cglib.proxy.MethodProxy.invoke(MethodProxy.java:218) ~[spring-core-5.3.18.jar!/:5.3.18]
	at org.springframework.aop.framework.CglibAopProxy$CglibMethodInvocation.invokeJoinpoint(CglibAopProxy.java:783) ~[spring-aop-5.3.18.jar!/:5.3.18]
	at org.springframework.aop.framework.ReflectiveMethodInvocation.proceed(ReflectiveMethodInvocation.java:163) ~[spring-aop-5.3.18.jar!/:5.3.18]
	at org.springframework.aop.framework.CglibAopProxy$CglibMethodInvocation.proceed(CglibAopProxy.java:753) ~[spring-aop-5.3.18.jar!/:5.3.18]
	at org.springframework.aop.aspectj.MethodInvocationProceedingJoinPoint.proceed(MethodInvocationProceedingJoinPoint.java:89) ~[spring-aop-5.3.18.jar!/:5.3.18]
	at run.halo.app.core.ControllerLogAop.controller(ControllerLogAop.java:48) ~[classes!/:1.5.4]
	at jdk.internal.reflect.GeneratedMethodAccessor186.invoke(Unknown Source) ~[na:na]
	at java.base/jdk.internal.reflect.DelegatingMethodAccessorImpl.invoke(DelegatingMethodAccessorImpl.java:43) ~[na:na]
	at java.base/java.lang.reflect.Method.invoke(Method.java:566) ~[na:na]
	at org.springframework.aop.aspectj.AbstractAspectJAdvice.invokeAdviceMethodWithGivenArgs(AbstractAspectJAdvice.java:634) ~[spring-aop-5.3.18.jar!/:5.3.18]
	at org.springframework.aop.aspectj.AbstractAspectJAdvice.invokeAdviceMethod(AbstractAspectJAdvice.java:624) ~[spring-aop-5.3.18.jar!/:5.3.18]
	at org.springframework.aop.aspectj.AspectJAroundAdvice.invoke(AspectJAroundAdvice.java:72) ~[spring-aop-5.3.18.jar!/:5.3.18]
	at org.springframework.aop.framework.ReflectiveMethodInvocation.proceed(ReflectiveMethodInvocation.java:175) ~[spring-aop-5.3.18.jar!/:5.3.18]
	at org.springframework.aop.framework.CglibAopProxy$CglibMethodInvocation.proceed(CglibAopProxy.java:753) ~[spring-aop-5.3.18.jar!/:5.3.18]
	at org.springframework.aop.interceptor.ExposeInvocationInterceptor.invoke(ExposeInvocationInterceptor.java:97) ~[spring-aop-5.3.18.jar!/:5.3.18]
	at org.springframework.aop.framework.ReflectiveMethodInvocation.proceed(ReflectiveMethodInvocation.java:186) ~[spring-aop-5.3.18.jar!/:5.3.18]
	at org.springframework.aop.framework.CglibAopProxy$CglibMethodInvocation.proceed(CglibAopProxy.java:753) ~[spring-aop-5.3.18.jar!/:5.3.18]
	at org.springframework.aop.framework.CglibAopProxy$DynamicAdvisedInterceptor.intercept(CglibAopProxy.java:698) ~[spring-aop-5.3.18.jar!/:5.3.18]
	at run.halo.app.controller.admin.api.AttachmentController$$EnhancerBySpringCGLIB$$1a0e0904.uploadAttachment(<generated>) ~[classes!/:1.5.4]
	at java.base/jdk.internal.reflect.NativeMethodAccessorImpl.invoke0(Native Method) ~[na:na]
	at java.base/jdk.internal.reflect.NativeMethodAccessorImpl.invoke(NativeMethodAccessorImpl.java:62) ~[na:na]
	at java.base/jdk.internal.reflect.DelegatingMethodAccessorImpl.invoke(DelegatingMethodAccessorImpl.java:43) ~[na:na]
	at java.base/java.lang.reflect.Method.invoke(Method.java:566) ~[na:na]
	at org.springframework.web.method.support.InvocableHandlerMethod.doInvoke(InvocableHandlerMethod.java:205) ~[spring-web-5.3.18.jar!/:5.3.18]
	at org.springframework.web.method.support.InvocableHandlerMethod.invokeForRequest(InvocableHandlerMethod.java:150) ~[spring-web-5.3.18.jar!/:5.3.18]
	at org.springframework.web.servlet.mvc.method.annotation.ServletInvocableHandlerMethod.invokeAndHandle(ServletInvocableHandlerMethod.java:117) ~[spring-webmvc-5.3.18.jar!/:5.3.18]
	at org.springframework.web.servlet.mvc.method.annotation.RequestMappingHandlerAdapter.invokeHandlerMethod(RequestMappingHandlerAdapter.java:895) ~[spring-webmvc-5.3.18.jar!/:5.3.18]
	at org.springframework.web.servlet.mvc.method.annotation.RequestMappingHandlerAdapter.handleInternal(RequestMappingHandlerAdapter.java:808) ~[spring-webmvc-5.3.18.jar!/:5.3.18]
	at org.springframework.web.servlet.mvc.method.AbstractHandlerMethodAdapter.handle(AbstractHandlerMethodAdapter.java:87) ~[spring-webmvc-5.3.18.jar!/:5.3.18]
	at org.springframework.web.servlet.DispatcherServlet.doDispatch(DispatcherServlet.java:1067) ~[spring-webmvc-5.3.18.jar!/:5.3.18]
	at org.springframework.web.servlet.DispatcherServlet.doService(DispatcherServlet.java:963) ~[spring-webmvc-5.3.18.jar!/:5.3.18]
	at org.springframework.web.servlet.FrameworkServlet.processRequest(FrameworkServlet.java:1006) ~[spring-webmvc-5.3.18.jar!/:5.3.18]
	at org.springframework.web.servlet.FrameworkServlet.doPost(FrameworkServlet.java:909) ~[spring-webmvc-5.3.18.jar!/:5.3.18]
	at javax.servlet.http.HttpServlet.service(HttpServlet.java:517) ~[jakarta.servlet-api-4.0.4.jar!/:4.0.4]
	at org.springframework.web.servlet.FrameworkServlet.service(FrameworkServlet.java:883) ~[spring-webmvc-5.3.18.jar!/:5.3.18]
	at javax.servlet.http.HttpServlet.service(HttpServlet.java:584) ~[jakarta.servlet-api-4.0.4.jar!/:4.0.4]
	at org.eclipse.jetty.servlet.ServletHolder.handle(ServletHolder.java:799) ~[jetty-servlet-9.4.45.v20220203.jar!/:9.4.45.v20220203]
	at org.eclipse.jetty.servlet.ServletHandler$ChainEnd.doFilter(ServletHandler.java:1631) ~[jetty-servlet-9.4.45.v20220203.jar!/:9.4.45.v20220203]
	at org.eclipse.jetty.websocket.server.WebSocketUpgradeFilter.doFilter(WebSocketUpgradeFilter.java:230) ~[websocket-server-9.4.45.v20220203.jar!/:9.4.45.v20220203]
	at org.eclipse.jetty.servlet.FilterHolder.doFilter(FilterHolder.java:193) ~[jetty-servlet-9.4.45.v20220203.jar!/:9.4.45.v20220203]
	at org.eclipse.jetty.servlet.ServletHandler$Chain.doFilter(ServletHandler.java:1601) ~[jetty-servlet-9.4.45.v20220203.jar!/:9.4.45.v20220203]
	at run.halo.app.security.filter.AdminAuthenticationFilter.doAuthenticate(AdminAuthenticationFilter.java:120) ~[classes!/:1.5.4]
	at run.halo.app.security.filter.AbstractAuthenticationFilter.doFilterInternal(AbstractAuthenticationFilter.java:229) ~[classes!/:1.5.4]
	at org.springframework.web.filter.OncePerRequestFilter.doFilter(OncePerRequestFilter.java:117) ~[spring-web-5.3.18.jar!/:5.3.18]
	at org.eclipse.jetty.servlet.FilterHolder.doFilter(FilterHolder.java:193) ~[jetty-servlet-9.4.45.v20220203.jar!/:9.4.45.v20220203]
	at org.eclipse.jetty.servlet.ServletHandler$Chain.doFilter(ServletHandler.java:1601) ~[jetty-servlet-9.4.45.v20220203.jar!/:9.4.45.v20220203]
	at org.springframework.web.filter.OncePerRequestFilter.doFilter(OncePerRequestFilter.java:102) ~[spring-web-5.3.18.jar!/:5.3.18]
	at org.eclipse.jetty.servlet.FilterHolder.doFilter(FilterHolder.java:193) ~[jetty-servlet-9.4.45.v20220203.jar!/:9.4.45.v20220203]
	at org.eclipse.jetty.servlet.ServletHandler$Chain.doFilter(ServletHandler.java:1601) ~[jetty-servlet-9.4.45.v20220203.jar!/:9.4.45.v20220203]
	at org.springframework.web.filter.OncePerRequestFilter.doFilter(OncePerRequestFilter.java:102) ~[spring-web-5.3.18.jar!/:5.3.18]
	at org.eclipse.jetty.servlet.FilterHolder.doFilter(FilterHolder.java:193) ~[jetty-servlet-9.4.45.v20220203.jar!/:9.4.45.v20220203]
	at org.eclipse.jetty.servlet.ServletHandler$Chain.doFilter(ServletHandler.java:1601) ~[jetty-servlet-9.4.45.v20220203.jar!/:9.4.45.v20220203]
	at org.springframework.web.filter.RequestContextFilter.doFilterInternal(RequestContextFilter.java:100) ~[spring-web-5.3.18.jar!/:5.3.18]
	at org.springframework.web.filter.OncePerRequestFilter.doFilter(OncePerRequestFilter.java:117) ~[spring-web-5.3.18.jar!/:5.3.18]
	at org.eclipse.jetty.servlet.FilterHolder.doFilter(FilterHolder.java:193) ~[jetty-servlet-9.4.45.v20220203.jar!/:9.4.45.v20220203]
	at org.eclipse.jetty.servlet.ServletHandler$Chain.doFilter(ServletHandler.java:1601) ~[jetty-servlet-9.4.45.v20220203.jar!/:9.4.45.v20220203]
	at org.springframework.web.filter.FormContentFilter.doFilterInternal(FormContentFilter.java:93) ~[spring-web-5.3.18.jar!/:5.3.18]
	at org.springframework.web.filter.OncePerRequestFilter.doFilter(OncePerRequestFilter.java:117) ~[spring-web-5.3.18.jar!/:5.3.18]
	at org.eclipse.jetty.servlet.FilterHolder.doFilter(FilterHolder.java:193) ~[jetty-servlet-9.4.45.v20220203.jar!/:9.4.45.v20220203]
	at org.eclipse.jetty.servlet.ServletHandler$Chain.doFilter(ServletHandler.java:1601) ~[jetty-servlet-9.4.45.v20220203.jar!/:9.4.45.v20220203]
	at run.halo.app.filter.CorsFilter.doFilter(CorsFilter.java:53) ~[classes!/:1.5.4]
	at org.eclipse.jetty.servlet.FilterHolder.doFilter(FilterHolder.java:193) ~[jetty-servlet-9.4.45.v20220203.jar!/:9.4.45.v20220203]
	at org.eclipse.jetty.servlet.ServletHandler$Chain.doFilter(ServletHandler.java:1601) ~[jetty-servlet-9.4.45.v20220203.jar!/:9.4.45.v20220203]
	at org.springframework.boot.actuate.metrics.web.servlet.WebMvcMetricsFilter.doFilterInternal(WebMvcMetricsFilter.java:96) ~[spring-boot-actuator-2.5.12.jar!/:2.5.12]
	at org.springframework.web.filter.OncePerRequestFilter.doFilter(OncePerRequestFilter.java:117) ~[spring-web-5.3.18.jar!/:5.3.18]
	at org.eclipse.jetty.servlet.FilterHolder.doFilter(FilterHolder.java:193) ~[jetty-servlet-9.4.45.v20220203.jar!/:9.4.45.v20220203]
	at org.eclipse.jetty.servlet.ServletHandler$Chain.doFilter(ServletHandler.java:1601) ~[jetty-servlet-9.4.45.v20220203.jar!/:9.4.45.v20220203]
	at org.springframework.web.filter.CharacterEncodingFilter.doFilterInternal(CharacterEncodingFilter.java:201) ~[spring-web-5.3.18.jar!/:5.3.18]
	at org.springframework.web.filter.OncePerRequestFilter.doFilter(OncePerRequestFilter.java:117) ~[spring-web-5.3.18.jar!/:5.3.18]
	at org.eclipse.jetty.servlet.FilterHolder.doFilter(FilterHolder.java:193) ~[jetty-servlet-9.4.45.v20220203.jar!/:9.4.45.v20220203]
	at org.eclipse.jetty.servlet.ServletHandler$Chain.doFilter(ServletHandler.java:1601) ~[jetty-servlet-9.4.45.v20220203.jar!/:9.4.45.v20220203]
	at run.halo.app.filter.LogFilter.doFilterInternal(LogFilter.java:40) ~[classes!/:1.5.4]
	at org.springframework.web.filter.OncePerRequestFilter.doFilter(OncePerRequestFilter.java:117) ~[spring-web-5.3.18.jar!/:5.3.18]
	at org.eclipse.jetty.servlet.FilterHolder.doFilter(FilterHolder.java:193) ~[jetty-servlet-9.4.45.v20220203.jar!/:9.4.45.v20220203]
	at org.eclipse.jetty.servlet.ServletHandler$Chain.doFilter(ServletHandler.java:1601) ~[jetty-servlet-9.4.45.v20220203.jar!/:9.4.45.v20220203]
	at org.eclipse.jetty.servlet.ServletHandler.doHandle(ServletHandler.java:548) ~[jetty-servlet-9.4.45.v20220203.jar!/:9.4.45.v20220203]
	at org.eclipse.jetty.server.handler.ScopedHandler.handle(ScopedHandler.java:143) ~[jetty-server-9.4.45.v20220203.jar!/:9.4.45.v20220203]
	at org.eclipse.jetty.security.SecurityHandler.handle(SecurityHandler.java:600) ~[jetty-security-9.4.45.v20220203.jar!/:9.4.45.v20220203]
	at org.eclipse.jetty.server.handler.HandlerWrapper.handle(HandlerWrapper.java:127) ~[jetty-server-9.4.45.v20220203.jar!/:9.4.45.v20220203]
	at org.eclipse.jetty.server.handler.ScopedHandler.nextHandle(ScopedHandler.java:235) ~[jetty-server-9.4.45.v20220203.jar!/:9.4.45.v20220203]
	at org.eclipse.jetty.server.session.SessionHandler.doHandle(SessionHandler.java:1624) ~[jetty-server-9.4.45.v20220203.jar!/:9.4.45.v20220203]
	at org.eclipse.jetty.server.handler.ScopedHandler.nextHandle(ScopedHandler.java:233) ~[jetty-server-9.4.45.v20220203.jar!/:9.4.45.v20220203]
	at org.eclipse.jetty.server.handler.ContextHandler.doHandle(ContextHandler.java:1440) ~[jetty-server-9.4.45.v20220203.jar!/:9.4.45.v20220203]
	at org.eclipse.jetty.server.handler.ScopedHandler.nextScope(ScopedHandler.java:188) ~[jetty-server-9.4.45.v20220203.jar!/:9.4.45.v20220203]
	at org.eclipse.jetty.servlet.ServletHandler.doScope(ServletHandler.java:501) ~[jetty-servlet-9.4.45.v20220203.jar!/:9.4.45.v20220203]
	at org.eclipse.jetty.server.session.SessionHandler.doScope(SessionHandler.java:1594) ~[jetty-server-9.4.45.v20220203.jar!/:9.4.45.v20220203]
	at org.eclipse.jetty.server.handler.ScopedHandler.nextScope(ScopedHandler.java:186) ~[jetty-server-9.4.45.v20220203.jar!/:9.4.45.v20220203]
	at org.eclipse.jetty.server.handler.ContextHandler.doScope(ContextHandler.java:1355) ~[jetty-server-9.4.45.v20220203.jar!/:9.4.45.v20220203]
	at org.eclipse.jetty.server.handler.ScopedHandler.handle(ScopedHandler.java:141) ~[jetty-server-9.4.45.v20220203.jar!/:9.4.45.v20220203]
	at org.eclipse.jetty.server.handler.HandlerWrapper.handle(HandlerWrapper.java:127) ~[jetty-server-9.4.45.v20220203.jar!/:9.4.45.v20220203]
	at org.eclipse.jetty.server.Server.handle(Server.java:516) ~[jetty-server-9.4.45.v20220203.jar!/:9.4.45.v20220203]
	at org.eclipse.jetty.server.HttpChannel.lambda$handle$1(HttpChannel.java:487) ~[jetty-server-9.4.45.v20220203.jar!/:9.4.45.v20220203]
	at org.eclipse.jetty.server.HttpChannel.dispatch(HttpChannel.java:732) ~[jetty-server-9.4.45.v20220203.jar!/:9.4.45.v20220203]
	at org.eclipse.jetty.server.HttpChannel.handle(HttpChannel.java:479) ~[jetty-server-9.4.45.v20220203.jar!/:9.4.45.v20220203]
	at org.eclipse.jetty.server.HttpConnection.onFillable(HttpConnection.java:277) ~[jetty-server-9.4.45.v20220203.jar!/:9.4.45.v20220203]
	at org.eclipse.jetty.io.AbstractConnection$ReadCallback.succeeded(AbstractConnection.java:311) ~[jetty-io-9.4.45.v20220203.jar!/:9.4.45.v20220203]
	at org.eclipse.jetty.io.FillInterest.fillable(FillInterest.java:105) ~[jetty-io-9.4.45.v20220203.jar!/:9.4.45.v20220203]
	at org.eclipse.jetty.io.ChannelEndPoint$1.run(ChannelEndPoint.java:104) ~[jetty-io-9.4.45.v20220203.jar!/:9.4.45.v20220203]
	at org.eclipse.jetty.util.thread.strategy.EatWhatYouKill.runTask(EatWhatYouKill.java:338) ~[jetty-util-9.4.45.v20220203.jar!/:9.4.45.v20220203]
	at org.eclipse.jetty.util.thread.strategy.EatWhatYouKill.doProduce(EatWhatYouKill.java:315) ~[jetty-util-9.4.45.v20220203.jar!/:9.4.45.v20220203]
	at org.eclipse.jetty.util.thread.strategy.EatWhatYouKill.tryProduce(EatWhatYouKill.java:173) ~[jetty-util-9.4.45.v20220203.jar!/:9.4.45.v20220203]
	at org.eclipse.jetty.util.thread.strategy.EatWhatYouKill.run(EatWhatYouKill.java:131) ~[jetty-util-9.4.45.v20220203.jar!/:9.4.45.v20220203]
	at org.eclipse.jetty.util.thread.ReservedThreadExecutor$ReservedThread.run(ReservedThreadExecutor.java:409) ~[jetty-util-9.4.45.v20220203.jar!/:9.4.45.v20220203]
	at org.eclipse.jetty.util.thread.QueuedThreadPool.runJob(QueuedThreadPool.java:883) ~[jetty-util-9.4.45.v20220203.jar!/:9.4.45.v20220203]
	at org.eclipse.jetty.util.thread.QueuedThreadPool$Runner.run(QueuedThreadPool.java:1034) ~[jetty-util-9.4.45.v20220203.jar!/:9.4.45.v20220203]
	at java.base/java.lang.Thread.run(Thread.java:834) ~[na:na]

2022-09-10 18:45:15.395  INFO 15268 --- [qtp1484275564-70] r.h.app.handler.file.LocalFileHandler    : Uploaded file: [achu.ico] to directory: [C:\Users\hsuti/.halo/\upload/2022\09\achu.ico] successfully
2022-09-10 18:59:41.570  INFO 15268 --- [qtp1484275564-24] r.h.app.handler.file.FilePathDescriptor  : FilePathDescriptor: [FilePathDescriptor(name=beat eater, extension=jpg, relativePath=upload/2022\09\beat eater.jpg, basePath=C:\Users\hsuti/.halo/\, fullName=beat eater.jpg, fullPath=C:\Users\hsuti/.halo/\upload/2022\09\beat eater.jpg, subPath=upload/2022\09\)]
2022-09-10 18:59:41.579  INFO 15268 --- [qtp1484275564-24] r.h.app.handler.file.LocalFileHandler    : Uploading file: [beat eater.jpg] to directory: [upload/2022\09\beat eater.jpg]
2022-09-10 18:59:41.579  INFO 15268 --- [qtp1484275564-64] r.h.app.handler.file.FilePathDescriptor  : FilePathDescriptor: [FilePathDescriptor(name=Bruno.Bucciarati.full.2460200, extension=png, relativePath=upload/2022\09\Bruno.Bucciarati.full.2460200.png, basePath=C:\Users\hsuti/.halo/\, fullName=Bruno.Bucciarati.full.2460200.png, fullPath=C:\Users\hsuti/.halo/\upload/2022\09\Bruno.Bucciarati.full.2460200.png, subPath=upload/2022\09\)]
2022-09-10 18:59:41.579  INFO 15268 --- [qtp1484275564-64] r.h.app.handler.file.LocalFileHandler    : Uploading file: [Bruno.Bucciarati.full.2460200.png] to directory: [upload/2022\09\Bruno.Bucciarati.full.2460200.png]
2022-09-10 18:59:41.579  INFO 15268 --- [qtp1484275564-24] r.h.app.handler.file.FilePathDescriptor  : FilePathDescriptor: [FilePathDescriptor(name=beat eater-thumbnail, extension=jpg, relativePath=upload/2022\09\beat eater-thumbnail.jpg, basePath=C:\Users\hsuti/.halo/\, fullName=beat eater-thumbnail.jpg, fullPath=C:\Users\hsuti/.halo/\upload/2022\09\beat eater-thumbnail.jpg, subPath=upload/2022\09\)]
2022-09-10 18:59:41.587  INFO 15268 --- [qtp1484275564-64] r.h.app.handler.file.FilePathDescriptor  : FilePathDescriptor: [FilePathDescriptor(name=Bruno.Bucciarati.full.2460200-thumbnail, extension=png, relativePath=upload/2022\09\Bruno.Bucciarati.full.2460200-thumbnail.png, basePath=C:\Users\hsuti/.halo/\, fullName=Bruno.Bucciarati.full.2460200-thumbnail.png, fullPath=C:\Users\hsuti/.halo/\upload/2022\09\Bruno.Bucciarati.full.2460200-thumbnail.png, subPath=upload/2022\09\)]
2022-09-10 18:59:41.644  INFO 15268 --- [qtp1484275564-85] r.h.app.handler.file.FilePathDescriptor  : FilePathDescriptor: [FilePathDescriptor(name=Card_Kalim_SSR_Dorm_Uniform, extension=png, relativePath=upload/2022\09\Card_Kalim_SSR_Dorm_Uniform.png, basePath=C:\Users\hsuti/.halo/\, fullName=Card_Kalim_SSR_Dorm_Uniform.png, fullPath=C:\Users\hsuti/.halo/\upload/2022\09\Card_Kalim_SSR_Dorm_Uniform.png, subPath=upload/2022\09\)]
2022-09-10 18:59:41.652  INFO 15268 --- [qtp1484275564-85] r.h.app.handler.file.LocalFileHandler    : Uploading file: [Card_Kalim_SSR_Dorm_Uniform.png] to directory: [upload/2022\09\Card_Kalim_SSR_Dorm_Uniform.png]
2022-09-10 18:59:41.669  INFO 15268 --- [qtp1484275564-85] r.h.app.handler.file.FilePathDescriptor  : FilePathDescriptor: [FilePathDescriptor(name=Card_Kalim_SSR_Dorm_Uniform-thumbnail, extension=png, relativePath=upload/2022\09\Card_Kalim_SSR_Dorm_Uniform-thumbnail.png, basePath=C:\Users\hsuti/.halo/\, fullName=Card_Kalim_SSR_Dorm_Uniform-thumbnail.png, fullPath=C:\Users\hsuti/.halo/\upload/2022\09\Card_Kalim_SSR_Dorm_Uniform-thumbnail.png, subPath=upload/2022\09\)]
2022-09-10 18:59:41.726  INFO 15268 --- [qtp1484275564-64] r.h.app.handler.file.LocalFileHandler    : Generated thumbnail image, and wrote the thumbnail to [C:\Users\hsuti\.halo\upload\2022\09\Bruno.Bucciarati.full.2460200-thumbnail.png]
2022-09-10 18:59:41.726  INFO 15268 --- [qtp1484275564-64] r.h.app.handler.file.LocalFileHandler    : Uploaded file: [Bruno.Bucciarati.full.2460200.png] to directory: [C:\Users\hsuti/.halo/\upload/2022\09\Bruno.Bucciarati.full.2460200.png] successfully
2022-09-10 18:59:41.759  INFO 15268 --- [qtp1484275564-24] r.h.app.handler.file.LocalFileHandler    : Generated thumbnail image, and wrote the thumbnail to [C:\Users\hsuti\.halo\upload\2022\09\beat eater-thumbnail.jpg]
2022-09-10 18:59:41.759  INFO 15268 --- [qtp1484275564-24] r.h.app.handler.file.LocalFileHandler    : Uploaded file: [beat eater.jpg] to directory: [C:\Users\hsuti/.halo/\upload/2022\09\beat eater.jpg] successfully
2022-09-10 18:59:41.882  INFO 15268 --- [qtp1484275564-85] r.h.app.handler.file.LocalFileHandler    : Generated thumbnail image, and wrote the thumbnail to [C:\Users\hsuti\.halo\upload\2022\09\Card_Kalim_SSR_Dorm_Uniform-thumbnail.png]
2022-09-10 18:59:41.891  INFO 15268 --- [qtp1484275564-85] r.h.app.handler.file.LocalFileHandler    : Uploaded file: [Card_Kalim_SSR_Dorm_Uniform.png] to directory: [C:\Users\hsuti/.halo/\upload/2022\09\Card_Kalim_SSR_Dorm_Uniform.png] successfully
2022-09-10 19:01:11.223  INFO 15268 --- [qtp1484275564-70] r.h.app.handler.file.FilePathDescriptor  : FilePathDescriptor: [FilePathDescriptor(name=Untitled design (2), extension=png, relativePath=upload/2022\09\Untitled design (2).png, basePath=C:\Users\hsuti/.halo/\, fullName=Untitled design (2).png, fullPath=C:\Users\hsuti/.halo/\upload/2022\09\Untitled design (2).png, subPath=upload/2022\09\)]
2022-09-10 19:01:11.223  INFO 15268 --- [qtp1484275564-70] r.h.app.handler.file.LocalFileHandler    : Uploading file: [Untitled design (2).png] to directory: [upload/2022\09\Untitled design (2).png]
2022-09-10 19:01:11.231  INFO 15268 --- [qtp1484275564-70] r.h.app.handler.file.FilePathDescriptor  : FilePathDescriptor: [FilePathDescriptor(name=Untitled design (2)-thumbnail, extension=png, relativePath=upload/2022\09\Untitled design (2)-thumbnail.png, basePath=C:\Users\hsuti/.halo/\, fullName=Untitled design (2)-thumbnail.png, fullPath=C:\Users\hsuti/.halo/\upload/2022\09\Untitled design (2)-thumbnail.png, subPath=upload/2022\09\)]
2022-09-10 19:01:11.288  INFO 15268 --- [qtp1484275564-70] r.h.app.handler.file.LocalFileHandler    : Generated thumbnail image, and wrote the thumbnail to [C:\Users\hsuti\.halo\upload\2022\09\Untitled design (2)-thumbnail.png]
2022-09-10 19:01:11.288  INFO 15268 --- [qtp1484275564-70] r.h.app.handler.file.LocalFileHandler    : Uploaded file: [Untitled design (2).png] to directory: [C:\Users\hsuti/.halo/\upload/2022\09\Untitled design (2).png] successfully
